<?xml version="1.0" encoding="UTF-8"?>
<testsuite errors="0" failures="0" name="BubbleSort_tests.TestBubbleSort-20171101171344" skipped="0" tests="1" time="0.000">
	<testcase classname="BubbleSort_tests.TestBubbleSort" name="test_get_inputs_number" time="0.000"/>
	<system-out>
<![CDATA[]]>	</system-out>
	<system-err>
<![CDATA[]]>	</system-err>
</testsuite>
