<?xml version="1.0" encoding="UTF-8"?>
<testsuite errors="0" failures="0" name="BubbleSort_tests.TestBubbleSort-20171101192735" skipped="0" tests="1" time="0.001">
	<testcase classname="BubbleSort_tests.TestBubbleSort" name="test_sample_test" time="0.001"/>
	<system-out>
<![CDATA[default 5=============
]]>	</system-out>
	<system-err>
<![CDATA[]]>	</system-err>
</testsuite>
