<?xml version="1.0" encoding="UTF-8"?>
<testsuite errors="0" failures="1" name="BubbleSort_tests.TestBubbleSort-20171102124612" skipped="0" tests="4" time="0.003">
	<testcase classname="BubbleSort_tests.TestBubbleSort" name="test_bubble_sort" time="0.000"/>
	<testcase classname="BubbleSort_tests.TestBubbleSort" name="test_get_number_tosort" time="0.001"/>
	<testcase classname="BubbleSort_tests.TestBubbleSort" name="test_get_number_tosort_exception" time="0.000"/>
	<testcase classname="BubbleSort_tests.TestBubbleSort" name="test_elements_with_string_And_number" time="0.002">
		<failure message="Lists differ: [7, 6, 5, 4, 3, 2, 1] != [1, 2, 3, 4, 5, 6, 7]

First differing element 0:
7
1

- [7, 6, 5, 4, 3, 2, 1]
+ [1, 2, 3, 4, 5, 6, 7]" type="AssertionError">
<![CDATA[Traceback (most recent call last):
  File "/home/asha/eclipse-workspace/MyApp/myappdev/local/lib/python2.7/site-packages/mock/mock.py", line 1305, in patched
    return func(*args, **keywargs)
  File "/home/asha/eclipse-workspace/MyApp/src/unittest/python/BubbleSort_tests.py", line 31, in test_elements_with_string_And_number
    self.assertEqual(sort.to_sort_element, [1,2,3,4,5,6,7])
AssertionError: Lists differ: [7, 6, 5, 4, 3, 2, 1] != [1, 2, 3, 4, 5, 6, 7]

First differing element 0:
7
1

- [7, 6, 5, 4, 3, 2, 1]
+ [1, 2, 3, 4, 5, 6, 7]

Stdout:
Removed Elements :['A']
]]>		</failure>
	</testcase>
	<system-out>
<![CDATA[[6, 7, 5, 4, 3, 2, 1]
[5, 7, 6, 4, 3, 2, 1]
[5, 6, 7, 4, 3, 2, 1]
[4, 6, 7, 5, 3, 2, 1]
[4, 5, 7, 6, 3, 2, 1]
[4, 5, 6, 7, 3, 2, 1]
[3, 5, 6, 7, 4, 2, 1]
[3, 4, 6, 7, 5, 2, 1]
[3, 4, 5, 7, 6, 2, 1]
[3, 4, 5, 6, 7, 2, 1]
[2, 4, 5, 6, 7, 3, 1]
[2, 3, 5, 6, 7, 4, 1]
[2, 3, 4, 6, 7, 5, 1]
[2, 3, 4, 5, 7, 6, 1]
[2, 3, 4, 5, 6, 7, 1]
[1, 3, 4, 5, 6, 7, 2]
[1, 2, 4, 5, 6, 7, 3]
[1, 2, 3, 5, 6, 7, 4]
[1, 2, 3, 4, 6, 7, 5]
[1, 2, 3, 4, 5, 7, 6]
[1, 2, 3, 4, 5, 6, 7]
Fully Sorted :[1, 2, 3, 4, 5, 6, 7]
Removed Elements :['A']
]]>	</system-out>
	<system-err>
<![CDATA[]]>	</system-err>
</testsuite>
