<?xml version="1.0" encoding="UTF-8"?>
<testsuite errors="0" failures="1" name="BubbleSort_tests.TestBubbleSort-20171102103445" skipped="0" tests="3" time="0.002">
	<testcase classname="BubbleSort_tests.TestBubbleSort" name="test_get_number_tosort" time="0.001"/>
	<testcase classname="BubbleSort_tests.TestBubbleSort" name="test_get_number_tosort_exception" time="0.001"/>
	<testcase classname="BubbleSort_tests.TestBubbleSort" name="test_bubble_sort" time="0.000">
		<failure message="False != True" type="AssertionError">
<![CDATA[Traceback (most recent call last):
  File "/home/asha/eclipse-workspace/MyApp/src/unittest/python/BubbleSort_tests.py", line 29, in test_bubble_sort
    self.assertEqual(False, True)
AssertionError: False != True

Stdout:
[7, 6, 5, 4, 3, 2, 1]
length =====================
7
[6, 7, 5, 4, 3, 2, 1]
[5, 7, 6, 4, 3, 2, 1]
[5, 6, 7, 4, 3, 2, 1]
[4, 6, 7, 5, 3, 2, 1]
[4, 5, 7, 6, 3, 2, 1]
[4, 5, 6, 7, 3, 2, 1]
[3, 5, 6, 7, 4, 2, 1]
[3, 4, 6, 7, 5, 2, 1]
[3, 4, 5, 7, 6, 2, 1]
[3, 4, 5, 6, 7, 2, 1]
[2, 4, 5, 6, 7, 3, 1]
[2, 3, 5, 6, 7, 4, 1]
[2, 3, 4, 6, 7, 5, 1]
[2, 3, 4, 5, 7, 6, 1]
[2, 3, 4, 5, 6, 7, 1]
[1, 3, 4, 5, 6, 7, 2]
[1, 2, 4, 5, 6, 7, 3]
[1, 2, 3, 5, 6, 7, 4]
[1, 2, 3, 4, 6, 7, 5]
[1, 2, 3, 4, 5, 7, 6]
[1, 2, 3, 4, 5, 6, 7]
Fully Sorted :[1, 2, 3, 4, 5, 6, 7]
sorted List =============== [1, 2, 3, 4, 5, 6, 7]
]]>		</failure>
	</testcase>
	<system-out>
<![CDATA[Please Enter Int Value
[7, 6, 5, 4, 3, 2, 1]
length =====================
7
[6, 7, 5, 4, 3, 2, 1]
[5, 7, 6, 4, 3, 2, 1]
[5, 6, 7, 4, 3, 2, 1]
[4, 6, 7, 5, 3, 2, 1]
[4, 5, 7, 6, 3, 2, 1]
[4, 5, 6, 7, 3, 2, 1]
[3, 5, 6, 7, 4, 2, 1]
[3, 4, 6, 7, 5, 2, 1]
[3, 4, 5, 7, 6, 2, 1]
[3, 4, 5, 6, 7, 2, 1]
[2, 4, 5, 6, 7, 3, 1]
[2, 3, 5, 6, 7, 4, 1]
[2, 3, 4, 6, 7, 5, 1]
[2, 3, 4, 5, 7, 6, 1]
[2, 3, 4, 5, 6, 7, 1]
[1, 3, 4, 5, 6, 7, 2]
[1, 2, 4, 5, 6, 7, 3]
[1, 2, 3, 5, 6, 7, 4]
[1, 2, 3, 4, 6, 7, 5]
[1, 2, 3, 4, 5, 7, 6]
[1, 2, 3, 4, 5, 6, 7]
Fully Sorted :[1, 2, 3, 4, 5, 6, 7]
sorted List =============== [1, 2, 3, 4, 5, 6, 7]
]]>	</system-out>
	<system-err>
<![CDATA[]]>	</system-err>
</testsuite>
