<?xml version="1.0" encoding="UTF-8"?>
<testsuite errors="0" failures="0" name="BubbleSort_tests.TestBubbleSort-20171102173928" skipped="0" tests="9" time="0.009">
	<testcase classname="BubbleSort_tests.TestBubbleSort" name="test_bubble_sort" time="0.000"/>
	<testcase classname="BubbleSort_tests.TestBubbleSort" name="test_elements_with_number" time="0.001"/>
	<testcase classname="BubbleSort_tests.TestBubbleSort" name="test_elements_with_string_and_number" time="0.001"/>
	<testcase classname="BubbleSort_tests.TestBubbleSort" name="test_elements_without_string_And_number" time="0.003"/>
	<testcase classname="BubbleSort_tests.TestBubbleSort" name="test_get_number_tosort" time="0.001"/>
	<testcase classname="BubbleSort_tests.TestBubbleSort" name="test_get_number_tosort_exception" time="0.001"/>
	<testcase classname="BubbleSort_tests.TestBubbleSort" name="test_to_cancel_sorting" time="0.000"/>
	<testcase classname="BubbleSort_tests.TestBubbleSort" name="test_to_get_element" time="0.001"/>
	<testcase classname="BubbleSort_tests.TestBubbleSort" name="test_to_get_element_with_string" time="0.001"/>
	<system-out>
<![CDATA[[6, 7, 5, 4, 3, 2, 1]
[5, 7, 6, 4, 3, 2, 1]
[5, 6, 7, 4, 3, 2, 1]
[4, 6, 7, 5, 3, 2, 1]
[4, 5, 7, 6, 3, 2, 1]
[4, 5, 6, 7, 3, 2, 1]
[3, 5, 6, 7, 4, 2, 1]
[3, 4, 6, 7, 5, 2, 1]
[3, 4, 5, 7, 6, 2, 1]
[3, 4, 5, 6, 7, 2, 1]
[2, 4, 5, 6, 7, 3, 1]
[2, 3, 5, 6, 7, 4, 1]
[2, 3, 4, 6, 7, 5, 1]
[2, 3, 4, 5, 7, 6, 1]
[2, 3, 4, 5, 6, 7, 1]
[1, 3, 4, 5, 6, 7, 2]
[1, 2, 4, 5, 6, 7, 3]
[1, 2, 3, 5, 6, 7, 4]
[1, 2, 3, 4, 6, 7, 5]
[1, 2, 3, 4, 5, 7, 6]
[1, 2, 3, 4, 5, 6, 7]
Fully Sorted :[1, 2, 3, 4, 5, 6, 7]
Removed Elements :['A']
No Elements To Sort
Please Enter Int Value
Try Again, You Cancel the sorting
]]>	</system-out>
	<system-err>
<![CDATA[]]>	</system-err>
</testsuite>
